2013/08/11 00:48:17 [error] [exception.CHttpException.404] exception 'CHttpException' with message 'The requested view "mongotest" was not found.' in /home/david/webdev/public_html/one/yiiroot/framework/web/actions/CViewAction.php:112
Stack trace:
#0 /home/david/webdev/public_html/one/yiiroot/framework/web/actions/CViewAction.php(123): CViewAction->resolveView('mongotest')
#1 /home/david/webdev/public_html/one/yiiroot/framework/web/actions/CAction.php(76): CViewAction->run()
#2 /home/david/webdev/public_html/one/yiiroot/framework/web/CController.php(308): CAction->runWithParams(Array)
#3 /home/david/webdev/public_html/one/yiiroot/framework/web/CController.php(286): CController->runAction(Object(CViewAction))
#4 /home/david/webdev/public_html/one/yiiroot/framework/web/CController.php(265): CController->runActionWithFilters(Object(CViewAction), Array)
#5 /home/david/webdev/public_html/one/yiiroot/framework/web/CWebApplication.php(282): CController->run('page')
#6 /home/david/webdev/public_html/one/yiiroot/framework/web/CWebApplication.php(141): CWebApplication->runController('site/page')
#7 /home/david/webdev/public_html/one/yiiroot/framework/base/CApplication.php(169): CWebApplication->processRequest()
#8 /home/david/webdev/public_html/one/php/index.php(13): CApplication->run()
#9 {main}
REQUEST_URI=/david/one/php/index.php?r=site/page&view=mongotest
---
2013/08/11 00:51:34 [error] [exception.MongoConnectionException] exception 'MongoConnectionException' with message 'Failed to connect to: 127.2.45.2:27017: Authentication failed on database 'admin' with username 'admin': auth fails' in /home/david/webdev/public_html/one/php/protected/extensions/MongoYii/EMongoClient.php:130
Stack trace:
#0 /home/david/webdev/public_html/one/php/protected/extensions/MongoYii/EMongoClient.php(130): MongoClient->__construct('mongodb://admin...', Array)
#1 /home/david/webdev/public_html/one/php/protected/extensions/MongoYii/EMongoClient.php(112): EMongoClient->connect()
#2 /home/david/webdev/public_html/one/yiiroot/framework/base/CModule.php(387): EMongoClient->init()
#3 /home/david/webdev/public_html/one/yiiroot/framework/base/CModule.php(103): CModule->getComponent('mongodb')
#4 /home/david/webdev/public_html/one/php/protected/views/site/pages/mongoTest.php(40): CModule->__get('mongodb')
#5 /home/david/webdev/public_html/one/yiiroot/framework/web/CBaseController.php(126): require('/home/david/web...')
#6 /home/david/webdev/public_html/one/yiiroot/framework/web/CBaseController.php(95): CBaseController->renderInternal('/home/david/web...', NULL, true)
#7 /home/david/webdev/public_html/one/yiiroot/framework/web/CController.php(869): CBaseController->renderFile('/home/david/web...', NULL, true)
#8 /home/david/webdev/public_html/one/yiiroot/framework/web/CController.php(782): CController->renderPartial('pages/mongoTest', NULL, true)
#9 /home/david/webdev/public_html/one/yiiroot/framework/web/actions/CViewAction.php(140): CController->render('pages/mongoTest')
#10 /home/david/webdev/public_html/one/yiiroot/framework/web/actions/CAction.php(76): CViewAction->run()
#11 /home/david/webdev/public_html/one/yiiroot/framework/web/CController.php(308): CAction->runWithParams(Array)
#12 /home/david/webdev/public_html/one/yiiroot/framework/web/CController.php(286): CController->runAction(Object(CViewAction))
#13 /home/david/webdev/public_html/one/yiiroot/framework/web/CController.php(265): CController->runActionWithFilters(Object(CViewAction), Array)
#14 /home/david/webdev/public_html/one/yiiroot/framework/web/CWebApplication.php(282): CController->run('page')
#15 /home/david/webdev/public_html/one/yiiroot/framework/web/CWebApplication.php(141): CWebApplication->runController('site/page')
#16 /home/david/webdev/public_html/one/yiiroot/framework/base/CApplication.php(169): CWebApplication->processRequest()
#17 /home/david/webdev/public_html/one/php/index.php(13): CApplication->run()
#18 {main}
REQUEST_URI=/david/one/php/index.php?r=site/page&view=mongoTest
HTTP_REFERER=http://localhost/david/one/php/index.php?r=site/index
---
2013/08/11 00:55:34 [error] [exception.MongoConnectionException] exception 'MongoConnectionException' with message 'Failed to connect to: 127.2.45.2:27017: Authentication failed on database 'admin' with username 'admin': auth fails' in /home/david/webdev/public_html/one/php/protected/extensions/MongoYii/EMongoClient.php:130
Stack trace:
#0 /home/david/webdev/public_html/one/php/protected/extensions/MongoYii/EMongoClient.php(130): MongoClient->__construct('mongodb://admin...', Array)
#1 /home/david/webdev/public_html/one/php/protected/extensions/MongoYii/EMongoClient.php(112): EMongoClient->connect()
#2 /home/david/webdev/public_html/one/yiiroot/framework/base/CModule.php(387): EMongoClient->init()
#3 /home/david/webdev/public_html/one/yiiroot/framework/base/CModule.php(103): CModule->getComponent('mongodb')
#4 /home/david/webdev/public_html/one/php/protected/views/site/pages/mongoTest.php(40): CModule->__get('mongodb')
#5 /home/david/webdev/public_html/one/yiiroot/framework/web/CBaseController.php(126): require('/home/david/web...')
#6 /home/david/webdev/public_html/one/yiiroot/framework/web/CBaseController.php(95): CBaseController->renderInternal('/home/david/web...', NULL, true)
#7 /home/david/webdev/public_html/one/yiiroot/framework/web/CController.php(869): CBaseController->renderFile('/home/david/web...', NULL, true)
#8 /home/david/webdev/public_html/one/yiiroot/framework/web/CController.php(782): CController->renderPartial('pages/mongoTest', NULL, true)
#9 /home/david/webdev/public_html/one/yiiroot/framework/web/actions/CViewAction.php(140): CController->render('pages/mongoTest')
#10 /home/david/webdev/public_html/one/yiiroot/framework/web/actions/CAction.php(76): CViewAction->run()
#11 /home/david/webdev/public_html/one/yiiroot/framework/web/CController.php(308): CAction->runWithParams(Array)
#12 /home/david/webdev/public_html/one/yiiroot/framework/web/CController.php(286): CController->runAction(Object(CViewAction))
#13 /home/david/webdev/public_html/one/yiiroot/framework/web/CController.php(265): CController->runActionWithFilters(Object(CViewAction), Array)
#14 /home/david/webdev/public_html/one/yiiroot/framework/web/CWebApplication.php(282): CController->run('page')
#15 /home/david/webdev/public_html/one/yiiroot/framework/web/CWebApplication.php(141): CWebApplication->runController('site/page')
#16 /home/david/webdev/public_html/one/yiiroot/framework/base/CApplication.php(169): CWebApplication->processRequest()
#17 /home/david/webdev/public_html/one/php/index.php(13): CApplication->run()
#18 {main}
REQUEST_URI=/david/one/php/index.php?r=site/page&view=mongoTest
HTTP_REFERER=http://localhost/david/one/php/index.php?r=site/page&view=about
---
2013/08/11 01:06:36 [error] [exception.MongoConnectionException] exception 'MongoConnectionException' with message 'Failed to connect to: 127.2.45.2:27017: Authentication failed on database 'admin' with username 'admin': auth fails' in /home/david/webdev/public_html/one/php/protected/extensions/MongoYii/EMongoClient.php:130
Stack trace:
#0 /home/david/webdev/public_html/one/php/protected/extensions/MongoYii/EMongoClient.php(130): MongoClient->__construct('mongodb://admin...', Array)
#1 /home/david/webdev/public_html/one/php/protected/extensions/MongoYii/EMongoClient.php(112): EMongoClient->connect()
#2 /home/david/webdev/public_html/one/yiiroot/framework/base/CModule.php(387): EMongoClient->init()
#3 /home/david/webdev/public_html/one/yiiroot/framework/base/CModule.php(103): CModule->getComponent('mongodb')
#4 /home/david/webdev/public_html/one/php/protected/views/site/pages/mongoTest.php(40): CModule->__get('mongodb')
#5 /home/david/webdev/public_html/one/yiiroot/framework/web/CBaseController.php(126): require('/home/david/web...')
#6 /home/david/webdev/public_html/one/yiiroot/framework/web/CBaseController.php(95): CBaseController->renderInternal('/home/david/web...', NULL, true)
#7 /home/david/webdev/public_html/one/yiiroot/framework/web/CController.php(869): CBaseController->renderFile('/home/david/web...', NULL, true)
#8 /home/david/webdev/public_html/one/yiiroot/framework/web/CController.php(782): CController->renderPartial('pages/mongoTest', NULL, true)
#9 /home/david/webdev/public_html/one/yiiroot/framework/web/actions/CViewAction.php(140): CController->render('pages/mongoTest')
#10 /home/david/webdev/public_html/one/yiiroot/framework/web/actions/CAction.php(76): CViewAction->run()
#11 /home/david/webdev/public_html/one/yiiroot/framework/web/CController.php(308): CAction->runWithParams(Array)
#12 /home/david/webdev/public_html/one/yiiroot/framework/web/CController.php(286): CController->runAction(Object(CViewAction))
#13 /home/david/webdev/public_html/one/yiiroot/framework/web/CController.php(265): CController->runActionWithFilters(Object(CViewAction), Array)
#14 /home/david/webdev/public_html/one/yiiroot/framework/web/CWebApplication.php(282): CController->run('page')
#15 /home/david/webdev/public_html/one/yiiroot/framework/web/CWebApplication.php(141): CWebApplication->runController('site/page')
#16 /home/david/webdev/public_html/one/yiiroot/framework/base/CApplication.php(169): CWebApplication->processRequest()
#17 /home/david/webdev/public_html/one/php/index.php(13): CApplication->run()
#18 {main}
REQUEST_URI=/david/one/php/index.php?r=site/page&view=mongoTest
HTTP_REFERER=http://localhost/david/one/php/index.php?r=site/login
---
2013/08/20 14:52:18 [error] [exception.MongoConnectionException] exception 'MongoConnectionException' with message 'Failed to connect to: 127.2.45.2:27017: Connection refused' in /home/david/webdev/public_html/one/php/protected/extensions/MongoYii/EMongoClient.php:130
Stack trace:
#0 /home/david/webdev/public_html/one/php/protected/extensions/MongoYii/EMongoClient.php(130): MongoClient->__construct('mongodb://admin...', Array)
#1 /home/david/webdev/public_html/one/php/protected/extensions/MongoYii/EMongoClient.php(112): EMongoClient->connect()
#2 /home/david/webdev/public_html/one/yiiroot/framework/base/CModule.php(387): EMongoClient->init()
#3 /home/david/webdev/public_html/one/yiiroot/framework/base/CModule.php(103): CModule->getComponent('mongodb')
#4 /home/david/webdev/public_html/one/php/protected/views/site/pages/mongoTest.php(40): CModule->__get('mongodb')
#5 /home/david/webdev/public_html/one/yiiroot/framework/web/CBaseController.php(126): require('/home/david/web...')
#6 /home/david/webdev/public_html/one/yiiroot/framework/web/CBaseController.php(95): CBaseController->renderInternal('/home/david/web...', NULL, true)
#7 /home/david/webdev/public_html/one/yiiroot/framework/web/CController.php(869): CBaseController->renderFile('/home/david/web...', NULL, true)
#8 /home/david/webdev/public_html/one/yiiroot/framework/web/CController.php(782): CController->renderPartial('pages/mongoTest', NULL, true)
#9 /home/david/webdev/public_html/one/yiiroot/framework/web/actions/CViewAction.php(140): CController->render('pages/mongoTest')
#10 /home/david/webdev/public_html/one/yiiroot/framework/web/actions/CAction.php(76): CViewAction->run()
#11 /home/david/webdev/public_html/one/yiiroot/framework/web/CController.php(308): CAction->runWithParams(Array)
#12 /home/david/webdev/public_html/one/yiiroot/framework/web/CController.php(286): CController->runAction(Object(CViewAction))
#13 /home/david/webdev/public_html/one/yiiroot/framework/web/CController.php(265): CController->runActionWithFilters(Object(CViewAction), Array)
#14 /home/david/webdev/public_html/one/yiiroot/framework/web/CWebApplication.php(282): CController->run('page')
#15 /home/david/webdev/public_html/one/yiiroot/framework/web/CWebApplication.php(141): CWebApplication->runController('site/page')
#16 /home/david/webdev/public_html/one/yiiroot/framework/base/CApplication.php(169): CWebApplication->processRequest()
#17 /home/david/webdev/public_html/one/php/index.php(13): CApplication->run()
#18 {main}
REQUEST_URI=/david/one/php/index.php?r=site/page&view=mongoTest
HTTP_REFERER=http://localhost/david/one/php/
---
2013/08/20 20:47:06 [error] [exception.MongoConnectionException] exception 'MongoConnectionException' with message 'Failed to connect to: 127.2.45.2:27017: Authentication failed on database 'admin' with username 'admin': auth fails' in /home/david/webdev/public_html/one/php/protected/extensions/MongoYii/EMongoClient.php:130
Stack trace:
#0 /home/david/webdev/public_html/one/php/protected/extensions/MongoYii/EMongoClient.php(130): MongoClient->__construct('mongodb://admin...', Array)
#1 /home/david/webdev/public_html/one/php/protected/extensions/MongoYii/EMongoClient.php(112): EMongoClient->connect()
#2 /home/david/webdev/public_html/one/yiiroot/framework/base/CModule.php(387): EMongoClient->init()
#3 /home/david/webdev/public_html/one/yiiroot/framework/base/CModule.php(103): CModule->getComponent('mongodb')
#4 /home/david/webdev/public_html/one/php/protected/views/site/pages/mongoTest.php(40): CModule->__get('mongodb')
#5 /home/david/webdev/public_html/one/yiiroot/framework/web/CBaseController.php(126): require('/home/david/web...')
#6 /home/david/webdev/public_html/one/yiiroot/framework/web/CBaseController.php(95): CBaseController->renderInternal('/home/david/web...', NULL, true)
#7 /home/david/webdev/public_html/one/yiiroot/framework/web/CController.php(869): CBaseController->renderFile('/home/david/web...', NULL, true)
#8 /home/david/webdev/public_html/one/yiiroot/framework/web/CController.php(782): CController->renderPartial('pages/mongoTest', NULL, true)
#9 /home/david/webdev/public_html/one/yiiroot/framework/web/actions/CViewAction.php(140): CController->render('pages/mongoTest')
#10 /home/david/webdev/public_html/one/yiiroot/framework/web/actions/CAction.php(76): CViewAction->run()
#11 /home/david/webdev/public_html/one/yiiroot/framework/web/CController.php(308): CAction->runWithParams(Array)
#12 /home/david/webdev/public_html/one/yiiroot/framework/web/CController.php(286): CController->runAction(Object(CViewAction))
#13 /home/david/webdev/public_html/one/yiiroot/framework/web/CController.php(265): CController->runActionWithFilters(Object(CViewAction), Array)
#14 /home/david/webdev/public_html/one/yiiroot/framework/web/CWebApplication.php(282): CController->run('page')
#15 /home/david/webdev/public_html/one/yiiroot/framework/web/CWebApplication.php(141): CWebApplication->runController('site/page')
#16 /home/david/webdev/public_html/one/yiiroot/framework/base/CApplication.php(169): CWebApplication->processRequest()
#17 /home/david/webdev/public_html/one/php/index.php(13): CApplication->run()
#18 {main}
REQUEST_URI=/david/one/php/index.php?r=site/page&view=mongoTest
HTTP_REFERER=http://localhost/david/one/php/
---
2013/08/20 20:50:47 [error] [exception.MongoConnectionException] exception 'MongoConnectionException' with message 'Failed to connect to: 127.2.45.2:27017: Authentication failed on database 'admin' with username 'admin': auth fails' in /home/david/webdev/public_html/one/php/protected/extensions/MongoYii/EMongoClient.php:130
Stack trace:
#0 /home/david/webdev/public_html/one/php/protected/extensions/MongoYii/EMongoClient.php(130): MongoClient->__construct('mongodb://admin...', Array)
#1 /home/david/webdev/public_html/one/php/protected/extensions/MongoYii/EMongoClient.php(112): EMongoClient->connect()
#2 /home/david/webdev/public_html/one/yiiroot/framework/base/CModule.php(387): EMongoClient->init()
#3 /home/david/webdev/public_html/one/yiiroot/framework/base/CModule.php(103): CModule->getComponent('mongodb')
#4 /home/david/webdev/public_html/one/php/protected/views/site/pages/mongoTest.php(40): CModule->__get('mongodb')
#5 /home/david/webdev/public_html/one/yiiroot/framework/web/CBaseController.php(126): require('/home/david/web...')
#6 /home/david/webdev/public_html/one/yiiroot/framework/web/CBaseController.php(95): CBaseController->renderInternal('/home/david/web...', NULL, true)
#7 /home/david/webdev/public_html/one/yiiroot/framework/web/CController.php(869): CBaseController->renderFile('/home/david/web...', NULL, true)
#8 /home/david/webdev/public_html/one/yiiroot/framework/web/CController.php(782): CController->renderPartial('pages/mongoTest', NULL, true)
#9 /home/david/webdev/public_html/one/yiiroot/framework/web/actions/CViewAction.php(140): CController->render('pages/mongoTest')
#10 /home/david/webdev/public_html/one/yiiroot/framework/web/actions/CAction.php(76): CViewAction->run()
#11 /home/david/webdev/public_html/one/yiiroot/framework/web/CController.php(308): CAction->runWithParams(Array)
#12 /home/david/webdev/public_html/one/yiiroot/framework/web/CController.php(286): CController->runAction(Object(CViewAction))
#13 /home/david/webdev/public_html/one/yiiroot/framework/web/CController.php(265): CController->runActionWithFilters(Object(CViewAction), Array)
#14 /home/david/webdev/public_html/one/yiiroot/framework/web/CWebApplication.php(282): CController->run('page')
#15 /home/david/webdev/public_html/one/yiiroot/framework/web/CWebApplication.php(141): CWebApplication->runController('site/page')
#16 /home/david/webdev/public_html/one/yiiroot/framework/base/CApplication.php(169): CWebApplication->processRequest()
#17 /home/david/webdev/public_html/one/php/index.php(13): CApplication->run()
#18 {main}
REQUEST_URI=/david/one/php/index.php?r=site/page&view=mongoTest
HTTP_REFERER=http://localhost/david/one/php/index.php?r=site/page&view=about
---
2013/08/20 20:58:12 [error] [exception.MongoConnectionException] exception 'MongoConnectionException' with message 'Failed to connect to: 127.2.45.2:27017: Authentication failed on database 'admin' with username 'admin': auth fails' in /home/david/webdev/public_html/one/php/protected/extensions/MongoYii/EMongoClient.php:130
Stack trace:
#0 /home/david/webdev/public_html/one/php/protected/extensions/MongoYii/EMongoClient.php(130): MongoClient->__construct('mongodb://admin...', Array)
#1 /home/david/webdev/public_html/one/php/protected/extensions/MongoYii/EMongoClient.php(112): EMongoClient->connect()
#2 /home/david/webdev/public_html/one/yiiroot/framework/base/CModule.php(387): EMongoClient->init()
#3 /home/david/webdev/public_html/one/yiiroot/framework/base/CModule.php(103): CModule->getComponent('mongodb')
#4 /home/david/webdev/public_html/one/php/protected/views/site/pages/mongoTest.php(40): CModule->__get('mongodb')
#5 /home/david/webdev/public_html/one/yiiroot/framework/web/CBaseController.php(126): require('/home/david/web...')
#6 /home/david/webdev/public_html/one/yiiroot/framework/web/CBaseController.php(95): CBaseController->renderInternal('/home/david/web...', NULL, true)
#7 /home/david/webdev/public_html/one/yiiroot/framework/web/CController.php(869): CBaseController->renderFile('/home/david/web...', NULL, true)
#8 /home/david/webdev/public_html/one/yiiroot/framework/web/CController.php(782): CController->renderPartial('pages/mongoTest', NULL, true)
#9 /home/david/webdev/public_html/one/yiiroot/framework/web/actions/CViewAction.php(140): CController->render('pages/mongoTest')
#10 /home/david/webdev/public_html/one/yiiroot/framework/web/actions/CAction.php(76): CViewAction->run()
#11 /home/david/webdev/public_html/one/yiiroot/framework/web/CController.php(308): CAction->runWithParams(Array)
#12 /home/david/webdev/public_html/one/yiiroot/framework/web/CController.php(286): CController->runAction(Object(CViewAction))
#13 /home/david/webdev/public_html/one/yiiroot/framework/web/CController.php(265): CController->runActionWithFilters(Object(CViewAction), Array)
#14 /home/david/webdev/public_html/one/yiiroot/framework/web/CWebApplication.php(282): CController->run('page')
#15 /home/david/webdev/public_html/one/yiiroot/framework/web/CWebApplication.php(141): CWebApplication->runController('site/page')
#16 /home/david/webdev/public_html/one/yiiroot/framework/base/CApplication.php(169): CWebApplication->processRequest()
#17 /home/david/webdev/public_html/one/php/index.php(13): CApplication->run()
#18 {main}
REQUEST_URI=/david/one/php/index.php?r=site/page&view=mongoTest
HTTP_REFERER=http://localhost/david/one/php/
---
2013/08/20 20:59:57 [error] [exception.MongoConnectionException] exception 'MongoConnectionException' with message 'Failed to connect to: 127.2.45.2:27017: Authentication failed on database 'admin' with username 'admin': auth fails' in /home/david/webdev/public_html/one/php/protected/extensions/MongoYii/EMongoClient.php:130
Stack trace:
#0 /home/david/webdev/public_html/one/php/protected/extensions/MongoYii/EMongoClient.php(130): MongoClient->__construct('mongodb://admin...', Array)
#1 /home/david/webdev/public_html/one/php/protected/extensions/MongoYii/EMongoClient.php(112): EMongoClient->connect()
#2 /home/david/webdev/public_html/one/yiiroot/framework/base/CModule.php(387): EMongoClient->init()
#3 /home/david/webdev/public_html/one/yiiroot/framework/base/CModule.php(103): CModule->getComponent('mongodb')
#4 /home/david/webdev/public_html/one/php/protected/views/site/pages/mongoTest.php(40): CModule->__get('mongodb')
#5 /home/david/webdev/public_html/one/yiiroot/framework/web/CBaseController.php(126): require('/home/david/web...')
#6 /home/david/webdev/public_html/one/yiiroot/framework/web/CBaseController.php(95): CBaseController->renderInternal('/home/david/web...', NULL, true)
#7 /home/david/webdev/public_html/one/yiiroot/framework/web/CController.php(869): CBaseController->renderFile('/home/david/web...', NULL, true)
#8 /home/david/webdev/public_html/one/yiiroot/framework/web/CController.php(782): CController->renderPartial('pages/mongoTest', NULL, true)
#9 /home/david/webdev/public_html/one/yiiroot/framework/web/actions/CViewAction.php(140): CController->render('pages/mongoTest')
#10 /home/david/webdev/public_html/one/yiiroot/framework/web/actions/CAction.php(76): CViewAction->run()
#11 /home/david/webdev/public_html/one/yiiroot/framework/web/CController.php(308): CAction->runWithParams(Array)
#12 /home/david/webdev/public_html/one/yiiroot/framework/web/CController.php(286): CController->runAction(Object(CViewAction))
#13 /home/david/webdev/public_html/one/yiiroot/framework/web/CController.php(265): CController->runActionWithFilters(Object(CViewAction), Array)
#14 /home/david/webdev/public_html/one/yiiroot/framework/web/CWebApplication.php(282): CController->run('page')
#15 /home/david/webdev/public_html/one/yiiroot/framework/web/CWebApplication.php(141): CWebApplication->runController('site/page')
#16 /home/david/webdev/public_html/one/yiiroot/framework/base/CApplication.php(169): CWebApplication->processRequest()
#17 /home/david/webdev/public_html/one/php/index.php(13): CApplication->run()
#18 {main}
REQUEST_URI=/david/one/php/index.php?r=site/page&view=mongoTest
HTTP_REFERER=http://localhost/david/one/php/
---
2013/08/20 21:03:24 [error] [exception.MongoConnectionException] exception 'MongoConnectionException' with message 'Failed to connect to: 127.2.45.2:27017: Authentication failed on database 'admin' with username 'admin': auth fails' in /home/david/webdev/public_html/one/php/protected/extensions/MongoYii/EMongoClient.php:130
Stack trace:
#0 /home/david/webdev/public_html/one/php/protected/extensions/MongoYii/EMongoClient.php(130): MongoClient->__construct('mongodb://admin...', Array)
#1 /home/david/webdev/public_html/one/php/protected/extensions/MongoYii/EMongoClient.php(112): EMongoClient->connect()
#2 /home/david/webdev/public_html/one/yiiroot/framework/base/CModule.php(387): EMongoClient->init()
#3 /home/david/webdev/public_html/one/yiiroot/framework/base/CModule.php(103): CModule->getComponent('mongodb')
#4 /home/david/webdev/public_html/one/php/protected/views/site/pages/mongoTest.php(40): CModule->__get('mongodb')
#5 /home/david/webdev/public_html/one/yiiroot/framework/web/CBaseController.php(126): require('/home/david/web...')
#6 /home/david/webdev/public_html/one/yiiroot/framework/web/CBaseController.php(95): CBaseController->renderInternal('/home/david/web...', NULL, true)
#7 /home/david/webdev/public_html/one/yiiroot/framework/web/CController.php(869): CBaseController->renderFile('/home/david/web...', NULL, true)
#8 /home/david/webdev/public_html/one/yiiroot/framework/web/CController.php(782): CController->renderPartial('pages/mongoTest', NULL, true)
#9 /home/david/webdev/public_html/one/yiiroot/framework/web/actions/CViewAction.php(140): CController->render('pages/mongoTest')
#10 /home/david/webdev/public_html/one/yiiroot/framework/web/actions/CAction.php(76): CViewAction->run()
#11 /home/david/webdev/public_html/one/yiiroot/framework/web/CController.php(308): CAction->runWithParams(Array)
#12 /home/david/webdev/public_html/one/yiiroot/framework/web/CController.php(286): CController->runAction(Object(CViewAction))
#13 /home/david/webdev/public_html/one/yiiroot/framework/web/CController.php(265): CController->runActionWithFilters(Object(CViewAction), Array)
#14 /home/david/webdev/public_html/one/yiiroot/framework/web/CWebApplication.php(282): CController->run('page')
#15 /home/david/webdev/public_html/one/yiiroot/framework/web/CWebApplication.php(141): CWebApplication->runController('site/page')
#16 /home/david/webdev/public_html/one/yiiroot/framework/base/CApplication.php(180): CWebApplication->processRequest()
#17 /home/david/webdev/public_html/one/php/index.php(13): CApplication->run()
#18 {main}
REQUEST_URI=/david/one/php/index.php?r=site/page&view=mongoTest
HTTP_REFERER=http://localhost/david/one/php/
---
